app/build/intermediates/manifest_merge_blame_file/release/manifest-merger-blame-release-report.txt
1<?xml version="1.0" encoding="utf-8"?>
2<manifest xmlns:android="http://schemas.android.com/apk/res/android"
3    package="com.im.bin"
4    android:versionCode="33"
5    android:versionName="5.7" >
6
7    <uses-sdk
8        android:minSdkVersion="19"
8-->src/main/AndroidManifest.xml
9        android:targetSdkVersion="29" />
9-->src/main/AndroidManifest.xml
10
11    <uses-permission android:name="android.permission.INTERNET" />
11-->src/main/AndroidManifest.xml:5:5-67
11-->src/main/AndroidManifest.xml:5:22-64
12    <uses-permission android:name="android.permission.FOREGROUND_SERVICE" />
12-->src/main/AndroidManifest.xml:6:5-93
12-->src/main/AndroidManifest.xml:6:22-74
13    <uses-permission android:name="android.permission.RECEIVE_BOOT_COMPLETED" />
13-->src/main/AndroidManifest.xml:7:5-81
13-->src/main/AndroidManifest.xml:7:22-78
14    <uses-permission android:name="android.permission.REQUEST_IGNORE_BATTERY_OPTIMIZATIONS" />
14-->src/main/AndroidManifest.xml:8:5-95
14-->src/main/AndroidManifest.xml:8:22-92
15    <uses-permission android:name="android.permission.ACCESS_WIFI_STATE" />
15-->src/main/AndroidManifest.xml:9:5-76
15-->src/main/AndroidManifest.xml:9:22-73
16    <uses-permission android:name="android.permission.ACCESS_NETWORK_STATE" />
16-->src/main/AndroidManifest.xml:10:5-79
16-->src/main/AndroidManifest.xml:10:22-76
17    <uses-permission android:name="android.permission.READ_EXTERNAL_STORAGE" />
17-->src/main/AndroidManifest.xml:11:5-80
17-->src/main/AndroidManifest.xml:11:22-77
18    <uses-permission android:name="android.permission.WRITE_EXTERNAL_STORAGE" />
18-->src/main/AndroidManifest.xml:12:5-81
18-->src/main/AndroidManifest.xml:12:22-78
19    <uses-permission android:name="android.permission.SYSTEM_ALERT_WINDOW" />
19-->src/main/AndroidManifest.xml:13:5-94
19-->src/main/AndroidManifest.xml:13:22-75
20    <uses-permission android:name="android.permission.RECORD_AUDIO" />
20-->src/main/AndroidManifest.xml:14:5-71
20-->src/main/AndroidManifest.xml:14:22-68
21    <uses-permission android:name="com.android.vending.BILLING" />
21-->src/main/AndroidManifest.xml:15:5-67
21-->src/main/AndroidManifest.xml:15:22-64
22    <uses-permission android:name="android.permission.WAKE_LOCK" />
22-->[androidx.work:work-runtime:2.2.0] AndroidManifest.xml:25:5-68
22-->[androidx.work:work-runtime:2.2.0] AndroidManifest.xml:25:22-65
23
24    <uses-feature
24-->[com.google.android.gms:play-services-maps:17.0.0] AndroidManifest.xml:26:5-28:35
25        android:glEsVersion="0x00020000"
25-->[com.google.android.gms:play-services-maps:17.0.0] AndroidManifest.xml:27:9-41
26        android:required="true" /> <!-- Required by older versions of Google Play services to create IID tokens -->
26-->[com.google.android.gms:play-services-maps:17.0.0] AndroidManifest.xml:28:9-32
27    <uses-permission android:name="com.google.android.c2dm.permission.RECEIVE" />
27-->[com.google.firebase:firebase-iid:20.1.5] AndroidManifest.xml:26:5-82
27-->[com.google.firebase:firebase-iid:20.1.5] AndroidManifest.xml:26:22-79
28    <uses-permission android:name="com.google.android.finsky.permission.BIND_GET_INSTALL_REFERRER_SERVICE" />
28-->[com.google.android.gms:play-services-measurement:17.4.0] AndroidManifest.xml:26:5-110
28-->[com.google.android.gms:play-services-measurement:17.4.0] AndroidManifest.xml:26:22-107
29
30    <application
30-->src/main/AndroidManifest.xml:17:5-143:19
31        android:name="com.im.bin.MyApplication"
31-->src/main/AndroidManifest.xml:18:9-48
32        android:allowBackup="true"
32-->src/main/AndroidManifest.xml:19:9-35
33        android:appComponentFactory="androidx.core.app.CoreComponentFactory"
33-->[androidx.core:core:1.2.0] AndroidManifest.xml:24:18-86
34        android:icon="@mipmap/ic_launcher"
34-->src/main/AndroidManifest.xml:20:9-43
35        android:label="@string/app_name"
35-->src/main/AndroidManifest.xml:21:9-41
36        android:largeHeap="true"
36-->src/main/AndroidManifest.xml:22:9-33
37        android:requestLegacyExternalStorage="true"
37-->src/main/AndroidManifest.xml:23:9-52
38        android:roundIcon="@mipmap/ic_launcher_round"
38-->src/main/AndroidManifest.xml:24:9-54
39        android:supportsRtl="true"
39-->src/main/AndroidManifest.xml:25:9-35
40        android:theme="@style/AppTheme" >
40-->src/main/AndroidManifest.xml:26:9-40
41        <provider
42            android:name="androidx.core.content.FileProvider"
42-->src/main/AndroidManifest.xml:29:13-62
43            android:authorities="com.im.bin.provider"
43-->src/main/AndroidManifest.xml:30:13-60
44            android:exported="false"
44-->src/main/AndroidManifest.xml:31:13-37
45            android:grantUriPermissions="true" >
45-->src/main/AndroidManifest.xml:32:13-47
46            <meta-data
46-->src/main/AndroidManifest.xml:33:13-35:58
47                android:name="android.support.FILE_PROVIDER_PATHS"
47-->src/main/AndroidManifest.xml:34:17-67
48                android:resource="@xml/provider_paths" />
48-->src/main/AndroidManifest.xml:35:17-55
49        </provider>
50
51        <meta-data
51-->src/main/AndroidManifest.xml:38:9-40:46
52            android:name="com.google.android.gms.ads.APPLICATION_ID"
52-->src/main/AndroidManifest.xml:39:13-69
53            android:value="@string/app_id" />
53-->src/main/AndroidManifest.xml:40:13-43
54
55        <activity
55-->src/main/AndroidManifest.xml:42:9-50:20
56            android:name="com.im.bin.ui.auth.LoginActivity"
56-->src/main/AndroidManifest.xml:43:13-60
57            android:theme="@style/ThemeFullScreen"
57-->src/main/AndroidManifest.xml:44:13-51
58            android:windowSoftInputMode="stateAlwaysHidden" >
58-->src/main/AndroidManifest.xml:45:13-60
59            <intent-filter>
59-->src/main/AndroidManifest.xml:46:13-49:29
60                <action android:name="android.intent.action.MAIN" />
60-->src/main/AndroidManifest.xml:47:17-69
60-->src/main/AndroidManifest.xml:47:25-66
61
62                <category android:name="android.intent.category.LAUNCHER" />
62-->src/main/AndroidManifest.xml:48:17-77
62-->src/main/AndroidManifest.xml:48:27-74
63            </intent-filter>
64        </activity>
65        <activity
65-->src/main/AndroidManifest.xml:52:9-55:67
66            android:name="com.im.bin.ui.MainActivity"
66-->src/main/AndroidManifest.xml:53:13-44
67            android:launchMode="singleInstance"
67-->src/main/AndroidManifest.xml:54:13-48
68            android:theme="@style/AppThemeNoActionBar" />
68-->src/main/AndroidManifest.xml:55:13-55
69        <activity
69-->src/main/AndroidManifest.xml:57:9-60:63
70            android:name="com.im.bin.ui.auth.SignUpActivity"
70-->src/main/AndroidManifest.xml:58:13-61
71            android:theme="@style/ThemeFullScreen"
71-->src/main/AndroidManifest.xml:59:13-51
72            android:windowSoftInputMode="stateAlwaysHidden" />
72-->src/main/AndroidManifest.xml:60:13-60
73        <activity
73-->src/main/AndroidManifest.xml:62:9-66:72
74            android:name="com.im.bin.ui.PremiumFeaturesActivity"
74-->src/main/AndroidManifest.xml:63:13-55
75            android:launchMode="singleInstance"
75-->src/main/AndroidManifest.xml:64:13-48
76            android:theme="@style/ThemeFullScreen"
76-->src/main/AndroidManifest.xml:65:13-51
77            android:windowSoftInputMode="stateAlwaysHidden" />
77-->src/main/AndroidManifest.xml:66:13-60
78        <activity
78-->src/main/AndroidManifest.xml:68:9-70:58
79            android:name="com.im.bin.ui.HomeActivity"
79-->src/main/AndroidManifest.xml:69:13-54
80            android:theme="@style/AppThemeNoActionBar" />
80-->src/main/AndroidManifest.xml:70:13-55
81        <activity
81-->src/main/AndroidManifest.xml:72:9-74:67
82            android:name="com.im.bin.ui.ChatConversationActivity"
82-->src/main/AndroidManifest.xml:73:13-56
83            android:theme="@style/AppThemeNoActionBar" />
83-->src/main/AndroidManifest.xml:74:13-55
84        <activity
84-->src/main/AndroidManifest.xml:77:9-81:54
85            android:name="com.im.bin.ui.LockScreenActivity"
85-->src/main/AndroidManifest.xml:78:13-50
86            android:excludeFromRecents="true"
86-->src/main/AndroidManifest.xml:79:13-46
87            android:label=""
87-->src/main/AndroidManifest.xml:80:13-29
88            android:theme="@style/LockScreenTheme" />
88-->src/main/AndroidManifest.xml:81:13-51
89        <activity
89-->src/main/AndroidManifest.xml:82:9-86:58
90            android:name="com.im.bin.ui.RecoverPinActivity"
90-->src/main/AndroidManifest.xml:83:13-50
91            android:excludeFromRecents="true"
91-->src/main/AndroidManifest.xml:84:13-46
92            android:label=""
92-->src/main/AndroidManifest.xml:85:13-29
93            android:theme="@style/AppThemeNoActionBar" />
93-->src/main/AndroidManifest.xml:86:13-55
94        <activity
94-->src/main/AndroidManifest.xml:88:9-91:65
95            android:name="com.im.bin.ui.AppSettingsActivity"
95-->src/main/AndroidManifest.xml:89:13-51
96            android:label="Settings"
96-->src/main/AndroidManifest.xml:90:13-37
97            android:theme="@style/AppActionBarTheme" />
97-->src/main/AndroidManifest.xml:91:13-53
98
99        <meta-data
99-->src/main/AndroidManifest.xml:93:9-95:71
100            android:name="com.google.android.geo.API_KEY"
100-->src/main/AndroidManifest.xml:94:13-58
101            android:value="AIzaSyDQuNy4AMeSSZZN4O5fHTAo0z1dlVLmqJc" />
101-->src/main/AndroidManifest.xml:95:13-68
102
103        <activity
103-->src/main/AndroidManifest.xml:97:9-100:56
104            android:name="com.im.bin.ui.StartServiceActivity"
104-->src/main/AndroidManifest.xml:98:13-52
105            android:excludeFromRecents="false"
105-->src/main/AndroidManifest.xml:99:13-47
106            android:theme="@style/Theme.Transparent" />
106-->src/main/AndroidManifest.xml:100:13-53
107        <activity
107-->src/main/AndroidManifest.xml:102:9-106:20
108            android:name="com.im.bin.ui.PreviewImageActivity"
108-->src/main/AndroidManifest.xml:103:13-52
109            android:screenOrientation="fullSensor"
109-->src/main/AndroidManifest.xml:105:13-51
110            android:theme="@style/AppThemeNoActionBar" >
110-->src/main/AndroidManifest.xml:104:13-55
111        </activity>
112        <activity
112-->src/main/AndroidManifest.xml:108:9-111:53
113            android:name="com.im.bin.ui.PlayVideoActivity"
113-->src/main/AndroidManifest.xml:109:13-49
114            android:screenOrientation="fullSensor"
114-->src/main/AndroidManifest.xml:111:13-51
115            android:theme="@style/AppThemeNoActionBar" />
115-->src/main/AndroidManifest.xml:110:13-55
116        <activity
116-->src/main/AndroidManifest.xml:113:9-116:53
117            android:name="com.im.bin.ui.AudioPlayerActivity"
117-->src/main/AndroidManifest.xml:114:13-51
118            android:screenOrientation="fullSensor"
118-->src/main/AndroidManifest.xml:116:13-51
119            android:theme="@style/AppThemeNoActionBar" />
119-->src/main/AndroidManifest.xml:115:13-55
120
121        <service android:name="com.im.bin.services.ForegroundService" />
121-->src/main/AndroidManifest.xml:119:9-63
121-->src/main/AndroidManifest.xml:119:18-60
122        <service android:name="com.im.bin.services.VoipCallRecordingService" />
122-->src/main/AndroidManifest.xml:120:9-78
122-->src/main/AndroidManifest.xml:120:18-67
123
124        <receiver android:name="com.im.bin.receivers.BootReceiver" >
124-->src/main/AndroidManifest.xml:122:9-126:20
124-->src/main/AndroidManifest.xml:122:19-57
125            <intent-filter android:priority="999" >
125-->src/main/AndroidManifest.xml:123:13-125:29
125-->src/main/AndroidManifest.xml:123:28-50
126                <action android:name="android.intent.action.BOOT_COMPLETED" />
126-->src/main/AndroidManifest.xml:124:17-79
126-->src/main/AndroidManifest.xml:124:25-76
127            </intent-filter>
128        </receiver>
129        <receiver android:name="com.im.bin.receivers.NotificationBroadcastReceiver" />
129-->src/main/AndroidManifest.xml:127:9-77
129-->src/main/AndroidManifest.xml:127:19-74
130
131        <service
131-->src/main/AndroidManifest.xml:129:9-141:19
132            android:name="com.im.bin.accessibilityService.AppAccessibilityService"
132-->src/main/AndroidManifest.xml:130:13-73
133            android:enabled="true"
133-->src/main/AndroidManifest.xml:131:13-35
134            android:exported="false"
134-->src/main/AndroidManifest.xml:132:13-37
135            android:permission="android.permission.BIND_ACCESSIBILITY_SERVICE" >
135-->src/main/AndroidManifest.xml:133:13-79
136            <intent-filter>
136-->src/main/AndroidManifest.xml:134:13-136:29
137                <action android:name="android.accessibilityservice.AccessibilityService" />
137-->src/main/AndroidManifest.xml:135:17-92
137-->src/main/AndroidManifest.xml:135:25-89
138            </intent-filter>
139
140            <meta-data
140-->src/main/AndroidManifest.xml:138:13-140:72
141                android:name="android.accessibilityservice"
141-->src/main/AndroidManifest.xml:139:17-60
142                android:resource="@xml/accessibility_service_config" />
142-->src/main/AndroidManifest.xml:140:17-69
143        </service>
144
145        <!-- The activities will be merged into the manifest of the hosting app. -->
146        <activity
146-->[com.google.android.play:core:1.8.0] AndroidManifest.xml:12:5-271
147            android:name="com.google.android.play.core.missingsplits.PlayCoreMissingSplitsActivity"
147-->[com.google.android.play:core:1.8.0] AndroidManifest.xml:12:15-102
148            android:enabled="false"
148-->[com.google.android.play:core:1.8.0] AndroidManifest.xml:12:103-126
149            android:exported="false"
149-->[com.google.android.play:core:1.8.0] AndroidManifest.xml:12:127-151
150            android:launchMode="singleInstance"
150-->[com.google.android.play:core:1.8.0] AndroidManifest.xml:12:204-239
151            android:process=":playcore_missing_splits_activity"
151-->[com.google.android.play:core:1.8.0] AndroidManifest.xml:12:152-203
152            android:stateNotNeeded="true" />
152-->[com.google.android.play:core:1.8.0] AndroidManifest.xml:12:240-269
153        <activity
153-->[com.google.android.play:core:1.8.0] AndroidManifest.xml:13:5-226
154            android:name="com.google.android.play.core.common.PlayCoreDialogWrapperActivity"
154-->[com.google.android.play:core:1.8.0] AndroidManifest.xml:13:15-95
155            android:enabled="false"
155-->[com.google.android.play:core:1.8.0] AndroidManifest.xml:13:96-119
156            android:exported="false"
156-->[com.google.android.play:core:1.8.0] AndroidManifest.xml:13:120-144
157            android:stateNotNeeded="true"
157-->[com.google.android.play:core:1.8.0] AndroidManifest.xml:13:145-174
158            android:theme="@style/Theme.PlayCore.Transparent" /> <!-- The service will be merged into the manifest of the hosting app. -->
158-->[com.google.android.play:core:1.8.0] AndroidManifest.xml:13:175-224
159        <service
159-->[com.google.android.play:core:1.8.0] AndroidManifest.xml:16:5-145
160            android:name="com.google.android.play.core.assetpacks.AssetPackExtractionService"
160-->[com.google.android.play:core:1.8.0] AndroidManifest.xml:16:14-95
161            android:enabled="false"
161-->[com.google.android.play:core:1.8.0] AndroidManifest.xml:16:96-119
162            android:exported="true" />
162-->[com.google.android.play:core:1.8.0] AndroidManifest.xml:16:120-143
163
164        <provider
164-->[androidx.work:work-runtime:2.2.0] AndroidManifest.xml:30:9-36:35
165            android:name="androidx.work.impl.WorkManagerInitializer"
165-->[androidx.work:work-runtime:2.2.0] AndroidManifest.xml:31:13-69
166            android:authorities="com.im.bin.workmanager-init"
166-->[androidx.work:work-runtime:2.2.0] AndroidManifest.xml:32:13-68
167            android:directBootAware="false"
167-->[androidx.work:work-runtime:2.2.0] AndroidManifest.xml:33:13-44
168            android:exported="false"
168-->[androidx.work:work-runtime:2.2.0] AndroidManifest.xml:34:13-37
169            android:multiprocess="true" />
169-->[androidx.work:work-runtime:2.2.0] AndroidManifest.xml:35:13-40
170
171        <service
171-->[androidx.work:work-runtime:2.2.0] AndroidManifest.xml:38:9-43:35
172            android:name="androidx.work.impl.background.systemalarm.SystemAlarmService"
172-->[androidx.work:work-runtime:2.2.0] AndroidManifest.xml:39:13-88
173            android:directBootAware="false"
173-->[androidx.work:work-runtime:2.2.0] AndroidManifest.xml:40:13-44
174            android:enabled="@bool/enable_system_alarm_service_default"
174-->[androidx.work:work-runtime:2.2.0] AndroidManifest.xml:41:13-72
175            android:exported="false" />
175-->[androidx.work:work-runtime:2.2.0] AndroidManifest.xml:42:13-37
176        <service
176-->[androidx.work:work-runtime:2.2.0] AndroidManifest.xml:44:9-50:35
177            android:name="androidx.work.impl.background.systemjob.SystemJobService"
177-->[androidx.work:work-runtime:2.2.0] AndroidManifest.xml:45:13-84
178            android:directBootAware="false"
178-->[androidx.work:work-runtime:2.2.0] AndroidManifest.xml:46:13-44
179            android:enabled="@bool/enable_system_job_service_default"
179-->[androidx.work:work-runtime:2.2.0] AndroidManifest.xml:47:13-70
180            android:exported="true"
180-->[androidx.work:work-runtime:2.2.0] AndroidManifest.xml:48:13-36
181            android:permission="android.permission.BIND_JOB_SERVICE" />
181-->[androidx.work:work-runtime:2.2.0] AndroidManifest.xml:49:13-69
182
183        <receiver
183-->[androidx.work:work-runtime:2.2.0] AndroidManifest.xml:52:9-57:35
184            android:name="androidx.work.impl.utils.ForceStopRunnable$BroadcastReceiver"
184-->[androidx.work:work-runtime:2.2.0] AndroidManifest.xml:53:13-88
185            android:directBootAware="false"
185-->[androidx.work:work-runtime:2.2.0] AndroidManifest.xml:54:13-44
186            android:enabled="true"
186-->[androidx.work:work-runtime:2.2.0] AndroidManifest.xml:55:13-35
187            android:exported="false" />
187-->[androidx.work:work-runtime:2.2.0] AndroidManifest.xml:56:13-37
188        <receiver
188-->[androidx.work:work-runtime:2.2.0] AndroidManifest.xml:58:9-68:20
189            android:name="androidx.work.impl.background.systemalarm.ConstraintProxy$BatteryChargingProxy"
189-->[androidx.work:work-runtime:2.2.0] AndroidManifest.xml:59:13-106
190            android:directBootAware="false"
190-->[androidx.work:work-runtime:2.2.0] AndroidManifest.xml:60:13-44
191            android:enabled="false"
191-->[androidx.work:work-runtime:2.2.0] AndroidManifest.xml:61:13-36
192            android:exported="false" >
192-->[androidx.work:work-runtime:2.2.0] AndroidManifest.xml:62:13-37
193            <intent-filter>
193-->[androidx.work:work-runtime:2.2.0] AndroidManifest.xml:64:13-67:29
194                <action android:name="android.intent.action.ACTION_POWER_CONNECTED" />
194-->[androidx.work:work-runtime:2.2.0] AndroidManifest.xml:65:17-87
194-->[androidx.work:work-runtime:2.2.0] AndroidManifest.xml:65:25-84
195                <action android:name="android.intent.action.ACTION_POWER_DISCONNECTED" />
195-->[androidx.work:work-runtime:2.2.0] AndroidManifest.xml:66:17-90
195-->[androidx.work:work-runtime:2.2.0] AndroidManifest.xml:66:25-87
196            </intent-filter>
197        </receiver>
198        <receiver
198-->[androidx.work:work-runtime:2.2.0] AndroidManifest.xml:69:9-79:20
199            android:name="androidx.work.impl.background.systemalarm.ConstraintProxy$BatteryNotLowProxy"
199-->[androidx.work:work-runtime:2.2.0] AndroidManifest.xml:70:13-104
200            android:directBootAware="false"
200-->[androidx.work:work-runtime:2.2.0] AndroidManifest.xml:71:13-44
201            android:enabled="false"
201-->[androidx.work:work-runtime:2.2.0] AndroidManifest.xml:72:13-36
202            android:exported="false" >
202-->[androidx.work:work-runtime:2.2.0] AndroidManifest.xml:73:13-37
203            <intent-filter>
203-->[androidx.work:work-runtime:2.2.0] AndroidManifest.xml:75:13-78:29
204                <action android:name="android.intent.action.BATTERY_OKAY" />
204-->[androidx.work:work-runtime:2.2.0] AndroidManifest.xml:76:17-77
204-->[androidx.work:work-runtime:2.2.0] AndroidManifest.xml:76:25-74
205                <action android:name="android.intent.action.BATTERY_LOW" />
205-->[androidx.work:work-runtime:2.2.0] AndroidManifest.xml:77:17-76
205-->[androidx.work:work-runtime:2.2.0] AndroidManifest.xml:77:25-73
206            </intent-filter>
207        </receiver>
208        <receiver
208-->[androidx.work:work-runtime:2.2.0] AndroidManifest.xml:80:9-90:20
209            android:name="androidx.work.impl.background.systemalarm.ConstraintProxy$StorageNotLowProxy"
209-->[androidx.work:work-runtime:2.2.0] AndroidManifest.xml:81:13-104
210            android:directBootAware="false"
210-->[androidx.work:work-runtime:2.2.0] AndroidManifest.xml:82:13-44
211            android:enabled="false"
211-->[androidx.work:work-runtime:2.2.0] AndroidManifest.xml:83:13-36
212            android:exported="false" >
212-->[androidx.work:work-runtime:2.2.0] AndroidManifest.xml:84:13-37
213            <intent-filter>
213-->[androidx.work:work-runtime:2.2.0] AndroidManifest.xml:86:13-89:29
214                <action android:name="android.intent.action.DEVICE_STORAGE_LOW" />
214-->[androidx.work:work-runtime:2.2.0] AndroidManifest.xml:87:17-83
214-->[androidx.work:work-runtime:2.2.0] AndroidManifest.xml:87:25-80
215                <action android:name="android.intent.action.DEVICE_STORAGE_OK" />
215-->[androidx.work:work-runtime:2.2.0] AndroidManifest.xml:88:17-82
215-->[androidx.work:work-runtime:2.2.0] AndroidManifest.xml:88:25-79
216            </intent-filter>
217        </receiver>
218        <receiver
218-->[androidx.work:work-runtime:2.2.0] AndroidManifest.xml:91:9-100:20
219            android:name="androidx.work.impl.background.systemalarm.ConstraintProxy$NetworkStateProxy"
219-->[androidx.work:work-runtime:2.2.0] AndroidManifest.xml:92:13-103
220            android:directBootAware="false"
220-->[androidx.work:work-runtime:2.2.0] AndroidManifest.xml:93:13-44
221            android:enabled="false"
221-->[androidx.work:work-runtime:2.2.0] AndroidManifest.xml:94:13-36
222            android:exported="false" >
222-->[androidx.work:work-runtime:2.2.0] AndroidManifest.xml:95:13-37
223            <intent-filter>
223-->[androidx.work:work-runtime:2.2.0] AndroidManifest.xml:97:13-99:29
224                <action android:name="android.net.conn.CONNECTIVITY_CHANGE" />
224-->[androidx.work:work-runtime:2.2.0] AndroidManifest.xml:98:17-79
224-->[androidx.work:work-runtime:2.2.0] AndroidManifest.xml:98:25-76
225            </intent-filter>
226        </receiver>
227        <receiver
227-->[androidx.work:work-runtime:2.2.0] AndroidManifest.xml:101:9-112:20
228            android:name="androidx.work.impl.background.systemalarm.RescheduleReceiver"
228-->[androidx.work:work-runtime:2.2.0] AndroidManifest.xml:102:13-88
229            android:directBootAware="false"
229-->[androidx.work:work-runtime:2.2.0] AndroidManifest.xml:103:13-44
230            android:enabled="false"
230-->[androidx.work:work-runtime:2.2.0] AndroidManifest.xml:104:13-36
231            android:exported="false" >
231-->[androidx.work:work-runtime:2.2.0] AndroidManifest.xml:105:13-37
232            <intent-filter>
232-->[androidx.work:work-runtime:2.2.0] AndroidManifest.xml:107:13-111:29
233                <action android:name="android.intent.action.BOOT_COMPLETED" />
233-->src/main/AndroidManifest.xml:124:17-79
233-->src/main/AndroidManifest.xml:124:25-76
234                <action android:name="android.intent.action.TIME_SET" />
234-->[androidx.work:work-runtime:2.2.0] AndroidManifest.xml:109:17-73
234-->[androidx.work:work-runtime:2.2.0] AndroidManifest.xml:109:25-70
235                <action android:name="android.intent.action.TIMEZONE_CHANGED" />
235-->[androidx.work:work-runtime:2.2.0] AndroidManifest.xml:110:17-81
235-->[androidx.work:work-runtime:2.2.0] AndroidManifest.xml:110:25-78
236            </intent-filter>
237        </receiver>
238        <receiver
238-->[androidx.work:work-runtime:2.2.0] AndroidManifest.xml:113:9-122:20
239            android:name="androidx.work.impl.background.systemalarm.ConstraintProxyUpdateReceiver"
239-->[androidx.work:work-runtime:2.2.0] AndroidManifest.xml:114:13-99
240            android:directBootAware="false"
240-->[androidx.work:work-runtime:2.2.0] AndroidManifest.xml:115:13-44
241            android:enabled="@bool/enable_system_alarm_service_default"
241-->[androidx.work:work-runtime:2.2.0] AndroidManifest.xml:116:13-72
242            android:exported="false" >
242-->[androidx.work:work-runtime:2.2.0] AndroidManifest.xml:117:13-37
243            <intent-filter>
243-->[androidx.work:work-runtime:2.2.0] AndroidManifest.xml:119:13-121:29
244                <action android:name="androidx.work.impl.background.systemalarm.UpdateProxies" />
244-->[androidx.work:work-runtime:2.2.0] AndroidManifest.xml:120:17-98
244-->[androidx.work:work-runtime:2.2.0] AndroidManifest.xml:120:25-95
245            </intent-filter>
246        </receiver> <!-- Needs to be explicitly declared on P+ -->
247        <uses-library
247-->[com.google.android.gms:play-services-maps:17.0.0] AndroidManifest.xml:33:9-35:40
248            android:name="org.apache.http.legacy"
248-->[com.google.android.gms:play-services-maps:17.0.0] AndroidManifest.xml:34:13-50
249            android:required="false" />
249-->[com.google.android.gms:play-services-maps:17.0.0] AndroidManifest.xml:35:13-37
250
251        <activity
251-->[com.google.firebase:firebase-auth:19.3.1] AndroidManifest.xml:24:9-31:50
252            android:name="com.google.firebase.auth.internal.FederatedSignInActivity"
252-->[com.google.firebase:firebase-auth:19.3.1] AndroidManifest.xml:25:13-85
253            android:excludeFromRecents="true"
253-->[com.google.firebase:firebase-auth:19.3.1] AndroidManifest.xml:26:13-46
254            android:exported="true"
254-->[com.google.firebase:firebase-auth:19.3.1] AndroidManifest.xml:27:13-36
255            android:launchMode="singleTask"
255-->[com.google.firebase:firebase-auth:19.3.1] AndroidManifest.xml:28:13-44
256            android:permission="com.google.firebase.auth.api.gms.permission.LAUNCH_FEDERATED_SIGN_IN"
256-->[com.google.firebase:firebase-auth:19.3.1] AndroidManifest.xml:29:13-102
257            android:theme="@android:style/Theme.Translucent.NoTitleBar" />
257-->[com.google.firebase:firebase-auth:19.3.1] AndroidManifest.xml:30:13-72
258
259        <service
259-->[com.google.firebase:firebase-auth:19.3.1] AndroidManifest.xml:33:9-39:19
260            android:name="com.google.firebase.components.ComponentDiscoveryService"
260-->[com.google.firebase:firebase-auth:19.3.1] AndroidManifest.xml:34:13-84
261            android:directBootAware="true"
261-->[com.google.firebase:firebase-common:19.3.0] AndroidManifest.xml:34:13-43
262            android:exported="false" >
262-->[com.google.firebase:firebase-auth:19.3.1] AndroidManifest.xml:35:13-37
263            <meta-data
263-->[com.google.firebase:firebase-auth:19.3.1] AndroidManifest.xml:36:13-38:85
264                android:name="com.google.firebase.components:com.google.firebase.auth.FirebaseAuthRegistrar"
264-->[com.google.firebase:firebase-auth:19.3.1] AndroidManifest.xml:37:17-109
265                android:value="com.google.firebase.components.ComponentRegistrar" />
265-->[com.google.firebase:firebase-auth:19.3.1] AndroidManifest.xml:38:17-82
266            <meta-data
266-->[com.google.firebase:firebase-firestore:21.4.3] AndroidManifest.xml:20:13-22:85
267                android:name="com.google.firebase.components:com.google.firebase.firestore.FirestoreRegistrar"
267-->[com.google.firebase:firebase-firestore:21.4.3] AndroidManifest.xml:21:17-111
268                android:value="com.google.firebase.components.ComponentRegistrar" />
268-->[com.google.firebase:firebase-firestore:21.4.3] AndroidManifest.xml:22:17-82
269            <meta-data
269-->[com.google.android.gms:play-services-measurement-api:17.4.0] AndroidManifest.xml:30:13-32:85
270                android:name="com.google.firebase.components:com.google.firebase.analytics.connector.internal.AnalyticsConnectorRegistrar"
270-->[com.google.android.gms:play-services-measurement-api:17.4.0] AndroidManifest.xml:31:17-139
271                android:value="com.google.firebase.components.ComponentRegistrar" />
271-->[com.google.android.gms:play-services-measurement-api:17.4.0] AndroidManifest.xml:32:17-82
272            <meta-data
272-->[com.google.firebase:firebase-iid:20.1.5] AndroidManifest.xml:32:13-34:85
273                android:name="com.google.firebase.components:com.google.firebase.iid.Registrar"
273-->[com.google.firebase:firebase-iid:20.1.5] AndroidManifest.xml:33:17-96
274                android:value="com.google.firebase.components.ComponentRegistrar" />
274-->[com.google.firebase:firebase-iid:20.1.5] AndroidManifest.xml:34:17-82
275            <meta-data
275-->[com.google.firebase:firebase-installations:16.2.1] AndroidManifest.xml:17:13-19:85
276                android:name="com.google.firebase.components:com.google.firebase.installations.FirebaseInstallationsRegistrar"
276-->[com.google.firebase:firebase-installations:16.2.1] AndroidManifest.xml:18:17-127
277                android:value="com.google.firebase.components.ComponentRegistrar" />
277-->[com.google.firebase:firebase-installations:16.2.1] AndroidManifest.xml:19:17-82
278        </service>
279
280        <provider
280-->[com.crashlytics.sdk.android:crashlytics:2.10.1] AndroidManifest.xml:19:9-23:38
281            android:name="com.crashlytics.android.CrashlyticsInitProvider"
281-->[com.crashlytics.sdk.android:crashlytics:2.10.1] AndroidManifest.xml:20:13-75
282            android:authorities="com.im.bin.crashlyticsinitprovider"